  ConsoleApplication1.cpp
D:\ASM\Lab8\ConsoleApplication1\ConsoleApplication1\ConsoleApplication1.cpp(46,9): error C4235: nonstandard extension used: '__asm' keyword not supported on this architecture
D:\ASM\Lab8\ConsoleApplication1\ConsoleApplication1\ConsoleApplication1.cpp(47,13): error C2065: 'fld': undeclared identifier
D:\ASM\Lab8\ConsoleApplication1\ConsoleApplication1\ConsoleApplication1.cpp(47,17): error C3878: syntax error: unexpected token 'identifier' following 'expression'
D:\ASM\Lab8\ConsoleApplication1\ConsoleApplication1\ConsoleApplication1.cpp(47,17): message : error recovery skipped: 'identifier identifier identifier  . . . constant'
D:\ASM\Lab8\ConsoleApplication1\ConsoleApplication1\ConsoleApplication1.cpp(49,23): error C2760: syntax error: ')' was unexpected here; expected ';'
D:\ASM\Lab8\ConsoleApplication1\ConsoleApplication1\ConsoleApplication1.cpp(49,23): error C3878: syntax error: unexpected token ')' following 'expression_statement'
D:\ASM\Lab8\ConsoleApplication1\ConsoleApplication1\ConsoleApplication1.cpp(49,23): message : error recovery skipped: ') ,'
D:\ASM\Lab8\ConsoleApplication1\ConsoleApplication1\ConsoleApplication1.cpp(50,13): error C3878: syntax error: unexpected token 'identifier' following 'expression'
D:\ASM\Lab8\ConsoleApplication1\ConsoleApplication1\ConsoleApplication1.cpp(50,13): message : error recovery skipped: 'identifier identifier'
D:\ASM\Lab8\ConsoleApplication1\ConsoleApplication1\ConsoleApplication1.cpp(51,9): error C2760: syntax error: '}' was unexpected here; expected ';'
D:\ASM\Lab8\ConsoleApplication1\ConsoleApplication1\ConsoleApplication1.cpp(90,9): error C4235: nonstandard extension used: '__asm' keyword not supported on this architecture
D:\ASM\Lab8\ConsoleApplication1\ConsoleApplication1\ConsoleApplication1.cpp(91,13): error C2065: 'fld': undeclared identifier
D:\ASM\Lab8\ConsoleApplication1\ConsoleApplication1\ConsoleApplication1.cpp(91,17): error C3878: syntax error: unexpected token 'identifier' following 'expression'
D:\ASM\Lab8\ConsoleApplication1\ConsoleApplication1\ConsoleApplication1.cpp(91,17): message : error recovery skipped: 'identifier identifier identifier  . . . constant'
D:\ASM\Lab8\ConsoleApplication1\ConsoleApplication1\ConsoleApplication1.cpp(93,23): error C2760: syntax error: ')' was unexpected here; expected ';'
D:\ASM\Lab8\ConsoleApplication1\ConsoleApplication1\ConsoleApplication1.cpp(93,23): error C3878: syntax error: unexpected token ')' following 'expression_statement'
D:\ASM\Lab8\ConsoleApplication1\ConsoleApplication1\ConsoleApplication1.cpp(93,23): message : error recovery skipped: ') ,'
D:\ASM\Lab8\ConsoleApplication1\ConsoleApplication1\ConsoleApplication1.cpp(94,13): error C3878: syntax error: unexpected token 'identifier' following 'expression'
D:\ASM\Lab8\ConsoleApplication1\ConsoleApplication1\ConsoleApplication1.cpp(94,13): message : error recovery skipped: 'identifier identifier'
D:\ASM\Lab8\ConsoleApplication1\ConsoleApplication1\ConsoleApplication1.cpp(95,9): error C2760: syntax error: '}' was unexpected here; expected ';'
D:\ASM\Lab8\ConsoleApplication1\ConsoleApplication1\ConsoleApplication1.cpp(134,9): error C4235: nonstandard extension used: '__asm' keyword not supported on this architecture
D:\ASM\Lab8\ConsoleApplication1\ConsoleApplication1\ConsoleApplication1.cpp(135,13): error C2065: 'fld': undeclared identifier
D:\ASM\Lab8\ConsoleApplication1\ConsoleApplication1\ConsoleApplication1.cpp(135,17): error C3878: syntax error: unexpected token 'identifier' following 'expression'
D:\ASM\Lab8\ConsoleApplication1\ConsoleApplication1\ConsoleApplication1.cpp(135,17): message : error recovery skipped: 'identifier identifier identifier  . . . constant'
D:\ASM\Lab8\ConsoleApplication1\ConsoleApplication1\ConsoleApplication1.cpp(137,23): error C2760: syntax error: ')' was unexpected here; expected ';'
D:\ASM\Lab8\ConsoleApplication1\ConsoleApplication1\ConsoleApplication1.cpp(137,23): error C3878: syntax error: unexpected token ')' following 'expression_statement'
D:\ASM\Lab8\ConsoleApplication1\ConsoleApplication1\ConsoleApplication1.cpp(137,23): message : error recovery skipped: ') ,'
D:\ASM\Lab8\ConsoleApplication1\ConsoleApplication1\ConsoleApplication1.cpp(138,13): error C3878: syntax error: unexpected token 'identifier' following 'expression'
D:\ASM\Lab8\ConsoleApplication1\ConsoleApplication1\ConsoleApplication1.cpp(138,13): message : error recovery skipped: 'identifier identifier'
D:\ASM\Lab8\ConsoleApplication1\ConsoleApplication1\ConsoleApplication1.cpp(139,9): error C2760: syntax error: '}' was unexpected here; expected ';'
D:\ASM\Lab8\ConsoleApplication1\ConsoleApplication1\ConsoleApplication1.cpp(178,9): error C4235: nonstandard extension used: '__asm' keyword not supported on this architecture
D:\ASM\Lab8\ConsoleApplication1\ConsoleApplication1\ConsoleApplication1.cpp(179,13): error C2065: 'fld': undeclared identifier
D:\ASM\Lab8\ConsoleApplication1\ConsoleApplication1\ConsoleApplication1.cpp(179,17): error C3878: syntax error: unexpected token 'identifier' following 'expression'
D:\ASM\Lab8\ConsoleApplication1\ConsoleApplication1\ConsoleApplication1.cpp(179,17): message : error recovery skipped: 'identifier identifier identifier  . . . constant'
D:\ASM\Lab8\ConsoleApplication1\ConsoleApplication1\ConsoleApplication1.cpp(181,23): error C2760: syntax error: ')' was unexpected here; expected ';'
D:\ASM\Lab8\ConsoleApplication1\ConsoleApplication1\ConsoleApplication1.cpp(181,23): error C3878: syntax error: unexpected token ')' following 'expression_statement'
D:\ASM\Lab8\ConsoleApplication1\ConsoleApplication1\ConsoleApplication1.cpp(181,23): message : error recovery skipped: ') ,'
D:\ASM\Lab8\ConsoleApplication1\ConsoleApplication1\ConsoleApplication1.cpp(182,13): error C3878: syntax error: unexpected token 'identifier' following 'expression'
D:\ASM\Lab8\ConsoleApplication1\ConsoleApplication1\ConsoleApplication1.cpp(182,13): message : error recovery skipped: 'identifier identifier'
D:\ASM\Lab8\ConsoleApplication1\ConsoleApplication1\ConsoleApplication1.cpp(183,9): error C2760: syntax error: '}' was unexpected here; expected ';'
D:\ASM\Lab8\ConsoleApplication1\ConsoleApplication1\ConsoleApplication1.cpp(227,5): error C4235: nonstandard extension used: '__asm' keyword not supported on this architecture
D:\ASM\Lab8\ConsoleApplication1\ConsoleApplication1\ConsoleApplication1.cpp(229,9): error C2065: 'fldpi': undeclared identifier
D:\ASM\Lab8\ConsoleApplication1\ConsoleApplication1\ConsoleApplication1.cpp(230,9): error C2146: syntax error: missing ';' before identifier 'fsin'
D:\ASM\Lab8\ConsoleApplication1\ConsoleApplication1\ConsoleApplication1.cpp(230,9): error C2065: 'fsin': undeclared identifier
D:\ASM\Lab8\ConsoleApplication1\ConsoleApplication1\ConsoleApplication1.cpp(231,9): error C2146: syntax error: missing ';' before identifier 'fstp'
D:\ASM\Lab8\ConsoleApplication1\ConsoleApplication1\ConsoleApplication1.cpp(231,9): error C2065: 'fstp': undeclared identifier
D:\ASM\Lab8\ConsoleApplication1\ConsoleApplication1\ConsoleApplication1.cpp(231,14): error C2146: syntax error: missing ';' before identifier 'result'
D:\ASM\Lab8\ConsoleApplication1\ConsoleApplication1\ConsoleApplication1.cpp(232,5): error C2143: syntax error: missing ';' before '}'
D:\ASM\Lab8\ConsoleApplication1\ConsoleApplication1\ConsoleApplication1.cpp(240,5): error C4235: nonstandard extension used: '__asm' keyword not supported on this architecture
D:\ASM\Lab8\ConsoleApplication1\ConsoleApplication1\ConsoleApplication1.cpp(242,9): error C2065: 'fldpi': undeclared identifier
D:\ASM\Lab8\ConsoleApplication1\ConsoleApplication1\ConsoleApplication1.cpp(243,9): error C2146: syntax error: missing ';' before identifier 'fld'
D:\ASM\Lab8\ConsoleApplication1\ConsoleApplication1\ConsoleApplication1.cpp(243,9): error C2065: 'fld': undeclared identifier
D:\ASM\Lab8\ConsoleApplication1\ConsoleApplication1\ConsoleApplication1.cpp(243,13): error C2146: syntax error: missing ';' before identifier 'divide'
D:\ASM\Lab8\ConsoleApplication1\ConsoleApplication1\ConsoleApplication1.cpp(244,9): error C2065: 'fdiv': undeclared identifier
D:\ASM\Lab8\ConsoleApplication1\ConsoleApplication1\ConsoleApplication1.cpp(245,13): error C2146: syntax error: missing ';' before identifier 'fsin'
D:\ASM\Lab8\ConsoleApplication1\ConsoleApplication1\ConsoleApplication1.cpp(245,13): error C2065: 'fsin': undeclared identifier
D:\ASM\Lab8\ConsoleApplication1\ConsoleApplication1\ConsoleApplication1.cpp(246,13): error C2146: syntax error: missing ';' before identifier 'fstp'
D:\ASM\Lab8\ConsoleApplication1\ConsoleApplication1\ConsoleApplication1.cpp(246,13): error C2065: 'fstp': undeclared identifier
D:\ASM\Lab8\ConsoleApplication1\ConsoleApplication1\ConsoleApplication1.cpp(246,18): error C2146: syntax error: missing ';' before identifier 'result'
D:\ASM\Lab8\ConsoleApplication1\ConsoleApplication1\ConsoleApplication1.cpp(247,5): error C2143: syntax error: missing ';' before '}'
